[debug] [2022-02-17T05:07:28.007Z] ----------------------------------------------------------------------
[debug] [2022-02-17T05:07:28.009Z] Command:       C:\Program Files\nodejs\node.exe C:\Users\USER\AppData\Roaming\npm\node_modules\firebase-tools\lib\bin\firebase.js emulators:start
[debug] [2022-02-17T05:07:28.009Z] CLI Version:   10.2.0
[debug] [2022-02-17T05:07:28.009Z] Platform:      win32
[debug] [2022-02-17T05:07:28.009Z] Node Version:  v14.17.6
[debug] [2022-02-17T05:07:28.010Z] Time:          Thu Feb 17 2022 10:37:28 GMT+0530 (India Standard Time)
[debug] [2022-02-17T05:07:28.010Z] ----------------------------------------------------------------------
[debug] 
[debug] [2022-02-17T05:07:28.064Z] > command requires scopes: ["email","openid","https://www.googleapis.com/auth/cloudplatformprojects.readonly","https://www.googleapis.com/auth/firebase","https://www.googleapis.com/auth/cloud-platform"]
[debug] [2022-02-17T05:07:28.064Z] > authorizing via signed-in user (shivanshusingh.aitp@gmail.com)
[info] i  emulators: Starting emulators: functions, hosting {"metadata":{"emulator":{"name":"hub"},"message":"Starting emulators: functions, hosting"}}
[debug] [2022-02-17T05:07:28.094Z] [hub] writing locator at C:\Users\USER\AppData\Local\Temp\hub-clone-158cc.json
[warn] !  functions: The following emulators are not running, calls to these services from the Functions emulator will affect production: auth, firestore, database, pubsub, storage {"metadata":{"emulator":{"name":"functions"},"message":"The following emulators are not running, calls to these services from the Functions emulator will affect production: \u001b[1mauth, firestore, database, pubsub, storage\u001b[22m"}}
[warn] !  Your requested "node" version "16" doesn't match your global version "14". Using node@14 from host. {"metadata":{"emulator":{"name":"functions"},"message":"Your requested \"node\" version \"16\" doesn't match your global version \"14\". Using node@14 from host."}}
[debug] [2022-02-17T05:07:28.378Z] defaultcredentials: writing to file C:\Users\USER\AppData\Roaming\firebase\shivanshusingh_aitp_gmail.com_application_default_credentials.json
[debug] [2022-02-17T05:07:28.381Z] Setting GAC to C:\Users\USER\AppData\Roaming\firebase\shivanshusingh_aitp_gmail.com_application_default_credentials.json {"metadata":{"emulator":{"name":"functions"},"message":"Setting GAC to C:\\Users\\USER\\AppData\\Roaming\\firebase\\shivanshusingh_aitp_gmail.com_application_default_credentials.json"}}
[debug] [2022-02-17T05:07:28.383Z] >>> [apiv2][query] GET https://firebase.googleapis.com/v1beta1/projects/clone-158cc/adminSdkConfig [none]
[debug] [2022-02-17T05:07:28.897Z] <<< [apiv2][status] GET https://firebase.googleapis.com/v1beta1/projects/clone-158cc/adminSdkConfig 200
[debug] [2022-02-17T05:07:28.898Z] <<< [apiv2][body] GET https://firebase.googleapis.com/v1beta1/projects/clone-158cc/adminSdkConfig {"projectId":"clone-158cc","storageBucket":"clone-158cc.appspot.com","locationId":"asia-east2"}
[debug] [2022-02-17T05:07:28.913Z] >>> [apiv2][query] GET https://firebasehosting.googleapis.com/v1beta1/projects/clone-158cc/sites 
[debug] [2022-02-17T05:07:30.709Z] <<< [apiv2][status] GET https://firebasehosting.googleapis.com/v1beta1/projects/clone-158cc/sites 200
[debug] [2022-02-17T05:07:30.709Z] <<< [apiv2][body] GET https://firebasehosting.googleapis.com/v1beta1/projects/clone-158cc/sites {"sites":[{"name":"projects/535818573791/sites/clone-158cc","defaultUrl":"https://clone-158cc.web.app","appId":"1:535818573791:web:7508db5e30477fb74bd66a","type":"DEFAULT_SITE"}]}
[debug] [2022-02-17T05:07:30.709Z] >>> [apiv2][query] GET https://firebase.googleapis.com/v1beta1/projects/clone-158cc/webApps/1:535818573791:web:7508db5e30477fb74bd66a/config [none]
[debug] [2022-02-17T05:07:31.976Z] <<< [apiv2][status] GET https://firebase.googleapis.com/v1beta1/projects/clone-158cc/webApps/1:535818573791:web:7508db5e30477fb74bd66a/config 200
[debug] [2022-02-17T05:07:31.976Z] <<< [apiv2][body] GET https://firebase.googleapis.com/v1beta1/projects/clone-158cc/webApps/1:535818573791:web:7508db5e30477fb74bd66a/config {"projectId":"clone-158cc","appId":"1:535818573791:web:7508db5e30477fb74bd66a","storageBucket":"clone-158cc.appspot.com","locationId":"asia-east2","apiKey":"AIzaSyDofvS-aKOaJ2fE_zsshQPP42LcxJKgk0Q","authDomain":"clone-158cc.firebaseapp.com","messagingSenderId":"535818573791","measurementId":"G-23318W7YZN"}
[info] i  hosting: Serving hosting files from: build {"metadata":{"emulator":{"name":"hosting"},"message":"Serving hosting files from: \u001b[1mbuild\u001b[22m"}}
[info] +  hosting: Local server: http://localhost:5000 {"metadata":{"emulator":{"name":"hosting"},"message":"Local server: \u001b[4m\u001b[1mhttp://localhost:5000\u001b[22m\u001b[24m"}}
[debug] [2022-02-17T05:07:32.014Z] Ignoring unsupported arg: auto_download {"metadata":{"emulator":{"name":"ui"},"message":"Ignoring unsupported arg: auto_download"}}
[debug] [2022-02-17T05:07:32.014Z] Ignoring unsupported arg: port {"metadata":{"emulator":{"name":"ui"},"message":"Ignoring unsupported arg: port"}}
[debug] [2022-02-17T05:07:32.014Z] Starting Emulator UI with command {"binary":"node","args":["C:\\Users\\USER\\.cache\\firebase\\emulators\\ui-v1.6.4\\server.bundle.js"],"optionalArgs":[],"joinArgs":false} {"metadata":{"emulator":{"name":"ui"},"message":"Starting Emulator UI with command {\"binary\":\"node\",\"args\":[\"C:\\\\Users\\\\USER\\\\.cache\\\\firebase\\\\emulators\\\\ui-v1.6.4\\\\server.bundle.js\"],\"optionalArgs\":[],\"joinArgs\":false}"}}
[info] i  ui: Emulator UI logging to ui-debug.log {"metadata":{"emulator":{"name":"ui"},"message":"Emulator UI logging to \u001b[1mui-debug.log\u001b[22m"}}
[debug] [2022-02-17T05:07:32.116Z] Web / API server started at localhost:4000
 {"metadata":{"emulator":{"name":"ui"},"message":"Web / API server started at localhost:4000\n"}}
[info] i  functions: Watching "D:\Volume D\React js\Amazon-clone\functions" for Cloud Functions... {"metadata":{"emulator":{"name":"functions"},"message":"Watching \"D:\\Volume D\\React js\\Amazon-clone\\functions\" for Cloud Functions..."}}
[debug] [2022-02-17T05:07:32.292Z] Validating nodejs source
[warn] !  functions: package.json indicates an outdated version of firebase-functions.
Please upgrade using npm install --save firebase-functions@latest in your functions directory. 
[debug] [2022-02-17T05:07:36.690Z] > [functions] package.json contents: {
  "name": "functions",
  "description": "Cloud Functions for Firebase",
  "scripts": {
    "lint": "eslint .",
    "serve": "firebase emulators:start --only functions",
    "shell": "firebase functions:shell",
    "start": "npm run shell",
    "deploy": "firebase deploy --only functions",
    "logs": "firebase functions:log"
  },
  "engines": {
    "node": "16"
  },
  "main": "index.js",
  "dependencies": {
    "cors": "^2.8.5",
    "express": "^4.17.2",
    "firebase-admin": "^9.8.0",
    "firebase-functions": "^3.14.1",
    "stripe": "^8.199.0"
  },
  "devDependencies": {
    "eslint": "^7.6.0",
    "eslint-config-google": "^0.14.0",
    "firebase-functions-test": "^0.2.0"
  },
  "private": true
}
[debug] [2022-02-17T05:07:36.690Z] Building nodejs source
[debug] [2022-02-17T05:07:36.690Z] Analyzing nodejs backend spec
[info] +  functions[us-central1-api]: http function initialized (http://localhost:5001/clone-158cc/us-central1/api). {"metadata":{"emulator":{"name":"functions"},"message":"\u001b[1mhttp\u001b[22m function initialized (http://localhost:5001/clone-158cc/us-central1/api)."}}
[info] 
┌─────────────────────────────────────────────────────────────┐
│ ✔  All emulators ready! It is now safe to connect your app. │
│ i  View Emulator UI at http://localhost:4000                │
└─────────────────────────────────────────────────────────────┘

┌───────────┬────────────────┬─────────────────────────────────┐
│ Emulator  │ Host:Port      │ View in Emulator UI             │
├───────────┼────────────────┼─────────────────────────────────┤
│ Functions │ localhost:5001 │ http://localhost:4000/functions │
├───────────┼────────────────┼─────────────────────────────────┤
│ Hosting   │ localhost:5000 │ n/a                             │
└───────────┴────────────────┴─────────────────────────────────┘
  Emulator Hub running at localhost:4400
  Other reserved ports: 4500

Issues? Report them at https://github.com/firebase/firebase-tools/issues and attach the *-debug.log files.
 
[debug] [2022-02-17T05:07:49.116Z] [work-queue] {"queueLength":1,"workRunningCount":0}
[debug] [2022-02-17T05:07:49.116Z] [work-queue] {"queueLength":0,"workRunningCount":1}
[debug] [2022-02-17T05:07:49.116Z] Accepted request POST /clone-158cc/us-central1/api/payments/create?total=3588.0000000000005 --> us-central1-api
[debug] [2022-02-17T05:07:49.124Z] [worker-pool] addWorker(us-central1-api) {"metadata":{"emulator":{"name":"functions"},"message":"[worker-pool] addWorker(us-central1-api)"}}
[debug] [2022-02-17T05:07:49.124Z] [worker-pool] Adding worker with key us-central1-api, total=1 {"metadata":{"emulator":{"name":"functions"},"message":"[worker-pool] Adding worker with key us-central1-api, total=1"}}
[debug] [2022-02-17T05:07:49.125Z] [worker-pool] submitWork(triggerId=us-central1-api) {"metadata":{"emulator":{"name":"functions"},"message":"[worker-pool] submitWork(triggerId=us-central1-api)"}}
[debug] [2022-02-17T05:07:49.125Z] [worker-us-central1-api-28be095a-caa6-45d2-9658-443aac760c82]: Assigning socketPath: \\?\pipe\D:\Volume D\React js\Amazon-clone\functions\25296 {"metadata":{"emulator":{"name":"functions"},"message":"[worker-us-central1-api-28be095a-caa6-45d2-9658-443aac760c82]: Assigning socketPath: \\\\?\\pipe\\D:\\Volume D\\React js\\Amazon-clone\\functions\\25296"}}
[debug] [2022-02-17T05:07:49.125Z] [worker-us-central1-api-28be095a-caa6-45d2-9658-443aac760c82]: BUSY {"metadata":{"emulator":{"name":"functions"},"message":"[worker-us-central1-api-28be095a-caa6-45d2-9658-443aac760c82]: BUSY"}}
[debug] [2022-02-17T05:07:50.321Z] [runtime-status] [25296] Functions runtime initialized. {"cwd":"D:\\Volume D\\React js\\Amazon-clone\\functions","node_version":"14.17.6"} {"metadata":{"emulator":{"name":"functions"},"function":{"name":"us-central1-api"},"message":"[runtime-status] [25296] Functions runtime initialized. {\"cwd\":\"D:\\\\Volume D\\\\React js\\\\Amazon-clone\\\\functions\",\"node_version\":\"14.17.6\"}"}}
[debug] [2022-02-17T05:07:50.322Z] [runtime-status] [25296] Disabled runtime features: undefined {"metadata":{"emulator":{"name":"functions"},"function":{"name":"us-central1-api"},"message":"[runtime-status] [25296] Disabled runtime features: undefined"}}
[debug] [2022-02-17T05:07:50.324Z] [runtime-status] [25296] Resolved module firebase-admin {"declared":true,"installed":true,"version":"9.12.0","resolution":"D:\\Volume D\\React js\\Amazon-clone\\functions\\node_modules\\firebase-admin\\lib\\index.js"} {"metadata":{"emulator":{"name":"functions"},"function":{"name":"us-central1-api"},"message":"[runtime-status] [25296] Resolved module firebase-admin {\"declared\":true,\"installed\":true,\"version\":\"9.12.0\",\"resolution\":\"D:\\\\Volume D\\\\React js\\\\Amazon-clone\\\\functions\\\\node_modules\\\\firebase-admin\\\\lib\\\\index.js\"}"}}
[debug] [2022-02-17T05:07:50.326Z] [runtime-status] [25296] Resolved module firebase-functions {"declared":true,"installed":true,"version":"3.16.0","resolution":"D:\\Volume D\\React js\\Amazon-clone\\functions\\node_modules\\firebase-functions\\lib\\index.js"} {"metadata":{"emulator":{"name":"functions"},"function":{"name":"us-central1-api"},"message":"[runtime-status] [25296] Resolved module firebase-functions {\"declared\":true,\"installed\":true,\"version\":\"3.16.0\",\"resolution\":\"D:\\\\Volume D\\\\React js\\\\Amazon-clone\\\\functions\\\\node_modules\\\\firebase-functions\\\\lib\\\\index.js\"}"}}
[debug] [2022-02-17T05:07:50.326Z] [runtime-status] [25296] Outgoing network have been stubbed. [{"name":"http","status":"mocked"},{"name":"http","status":"mocked"},{"name":"https","status":"mocked"},{"name":"https","status":"mocked"},{"name":"net","status":"mocked"}] {"metadata":{"emulator":{"name":"functions"},"function":{"name":"us-central1-api"},"message":"[runtime-status] [25296] Outgoing network have been stubbed. [{\"name\":\"http\",\"status\":\"mocked\"},{\"name\":\"http\",\"status\":\"mocked\"},{\"name\":\"https\",\"status\":\"mocked\"},{\"name\":\"https\",\"status\":\"mocked\"},{\"name\":\"net\",\"status\":\"mocked\"}]"}}
[debug] [2022-02-17T05:07:50.327Z] [runtime-status] [25296] Resolved module firebase-functions {"declared":true,"installed":true,"version":"3.16.0","resolution":"D:\\Volume D\\React js\\Amazon-clone\\functions\\node_modules\\firebase-functions\\lib\\index.js"} {"metadata":{"emulator":{"name":"functions"},"function":{"name":"us-central1-api"},"message":"[runtime-status] [25296] Resolved module firebase-functions {\"declared\":true,\"installed\":true,\"version\":\"3.16.0\",\"resolution\":\"D:\\\\Volume D\\\\React js\\\\Amazon-clone\\\\functions\\\\node_modules\\\\firebase-functions\\\\lib\\\\index.js\"}"}}
[debug] [2022-02-17T05:07:50.372Z] [runtime-status] [25296] Checked functions.config() {"config":{}} {"metadata":{"emulator":{"name":"functions"},"function":{"name":"us-central1-api"},"message":"[runtime-status] [25296] Checked functions.config() {\"config\":{}}"}}
[debug] [2022-02-17T05:07:50.373Z] [runtime-status] [25296] firebase-functions has been stubbed. {"functionsResolution":{"declared":true,"installed":true,"version":"3.16.0","resolution":"D:\\Volume D\\React js\\Amazon-clone\\functions\\node_modules\\firebase-functions\\lib\\index.js"}} {"metadata":{"emulator":{"name":"functions"},"function":{"name":"us-central1-api"},"message":"[runtime-status] [25296] firebase-functions has been stubbed. {\"functionsResolution\":{\"declared\":true,\"installed\":true,\"version\":\"3.16.0\",\"resolution\":\"D:\\\\Volume D\\\\React js\\\\Amazon-clone\\\\functions\\\\node_modules\\\\firebase-functions\\\\lib\\\\index.js\"}}"}}
[debug] [2022-02-17T05:07:50.373Z] [runtime-status] [25296] Resolved module firebase-functions {"declared":true,"installed":true,"version":"3.16.0","resolution":"D:\\Volume D\\React js\\Amazon-clone\\functions\\node_modules\\firebase-functions\\lib\\index.js"} {"metadata":{"emulator":{"name":"functions"},"function":{"name":"us-central1-api"},"message":"[runtime-status] [25296] Resolved module firebase-functions {\"declared\":true,\"installed\":true,\"version\":\"3.16.0\",\"resolution\":\"D:\\\\Volume D\\\\React js\\\\Amazon-clone\\\\functions\\\\node_modules\\\\firebase-functions\\\\lib\\\\index.js\"}"}}
[debug] [2022-02-17T05:07:50.375Z] [runtime-status] [25296] Resolved module firebase-admin {"declared":true,"installed":true,"version":"9.12.0","resolution":"D:\\Volume D\\React js\\Amazon-clone\\functions\\node_modules\\firebase-admin\\lib\\index.js"} {"metadata":{"emulator":{"name":"functions"},"function":{"name":"us-central1-api"},"message":"[runtime-status] [25296] Resolved module firebase-admin {\"declared\":true,\"installed\":true,\"version\":\"9.12.0\",\"resolution\":\"D:\\\\Volume D\\\\React js\\\\Amazon-clone\\\\functions\\\\node_modules\\\\firebase-admin\\\\lib\\\\index.js\"}"}}
[debug] [2022-02-17T05:07:50.375Z] [runtime-status] [25296] Resolved module firebase-functions {"declared":true,"installed":true,"version":"3.16.0","resolution":"D:\\Volume D\\React js\\Amazon-clone\\functions\\node_modules\\firebase-functions\\lib\\index.js"} {"metadata":{"emulator":{"name":"functions"},"function":{"name":"us-central1-api"},"message":"[runtime-status] [25296] Resolved module firebase-functions {\"declared\":true,\"installed\":true,\"version\":\"3.16.0\",\"resolution\":\"D:\\\\Volume D\\\\React js\\\\Amazon-clone\\\\functions\\\\node_modules\\\\firebase-functions\\\\lib\\\\index.js\"}"}}
[debug] [2022-02-17T05:07:50.376Z] [runtime-status] [25296] firebase-admin has been stubbed. {"adminResolution":{"declared":true,"installed":true,"version":"9.12.0","resolution":"D:\\Volume D\\React js\\Amazon-clone\\functions\\node_modules\\firebase-admin\\lib\\index.js"}} {"metadata":{"emulator":{"name":"functions"},"function":{"name":"us-central1-api"},"message":"[runtime-status] [25296] firebase-admin has been stubbed. {\"adminResolution\":{\"declared\":true,\"installed\":true,\"version\":\"9.12.0\",\"resolution\":\"D:\\\\Volume D\\\\React js\\\\Amazon-clone\\\\functions\\\\node_modules\\\\firebase-admin\\\\lib\\\\index.js\"}}"}}
[debug] [2022-02-17T05:07:50.543Z] [runtime-status] [25296] Beginning invocation function api! {"metadata":{"emulator":{"name":"functions"},"function":{"name":"us-central1-api"},"message":"[runtime-status] [25296] Beginning invocation function api!"}}
[info] i  functions: Beginning execution of "api" {"metadata":{"emulator":{"name":"functions"},"function":{"name":"us-central1-api"},"message":"Beginning execution of \"api\""}}
[debug] [2022-02-17T05:07:50.544Z] [runtime-status] [25296] Running api in signature http {"metadata":{"emulator":{"name":"functions"},"function":{"name":"us-central1-api"},"message":"[runtime-status] [25296] Running api in signature http"}}
[debug] [2022-02-17T05:07:50.547Z] [runtime-status] [25296] Attempting to listen to socketPath: \\?\pipe\D:\Volume D\React js\Amazon-clone\functions\25296 {"metadata":{"emulator":{"name":"functions"},"function":{"name":"us-central1-api"},"message":"[runtime-status] [25296] Attempting to listen to socketPath: \\\\?\\pipe\\D:\\Volume D\\React js\\Amazon-clone\\functions\\25296"}}
[debug] [2022-02-17T05:07:50.552Z] [functions] Runtime ready! Sending request! {"metadata":{"emulator":{"name":"functions"},"message":"[functions] Runtime ready! Sending request!"}}
[debug] [2022-02-17T05:07:50.552Z] [functions] Got req.url=/clone-158cc/us-central1/api/payments/create?total=3588.0000000000005, mapping to path=/payments/create?total=3588.0000000000005 {"metadata":{"emulator":{"name":"functions"},"message":"[functions] Got req.url=/clone-158cc/us-central1/api/payments/create?total=3588.0000000000005, mapping to path=/payments/create?total=3588.0000000000005"}}
[debug] [2022-02-17T05:07:50.558Z] [runtime-status] [25296] Ephemeral server handling POST request {"metadata":{"emulator":{"name":"functions"},"function":{"name":"us-central1-api"},"message":"[runtime-status] [25296] Ephemeral server handling POST request"}}
[info] >  Payment Request Recieved BOOM!!! for this amount >>>  3588.0000000000005 {"user":"Payment Request Recieved BOOM!!! for this amount >>>  3588.0000000000005","metadata":{"emulator":{"name":"functions"},"function":{"name":"us-central1-api"},"message":"\u001b[90m> \u001b[39m Payment Request Recieved BOOM!!! for this amount >>>  3588.0000000000005"}}
[debug] [2022-02-17T05:07:50.571Z] [runtime-status] [25296] Ephemeral server survived. {"metadata":{"emulator":{"name":"functions"},"function":{"name":"us-central1-api"},"message":"[runtime-status] [25296] Ephemeral server survived."}}
[info] >  (node:25296) UnhandledPromiseRejectionWarning: Error: Invalid integer: 3588.0000000000005 {"user":"(node:25296) UnhandledPromiseRejectionWarning: Error: Invalid integer: 3588.0000000000005","metadata":{"emulator":{"name":"functions"},"function":{"name":"us-central1-api"},"message":"\u001b[90m> \u001b[39m (node:25296) UnhandledPromiseRejectionWarning: Error: Invalid integer: 3588.0000000000005"}}
[info] >      at Function.generate (D:\Volume D\React js\Amazon-clone\functions\node_modules\stripe\lib\Error.js:40:16) {"user":"    at Function.generate (D:\\Volume D\\React js\\Amazon-clone\\functions\\node_modules\\stripe\\lib\\Error.js:40:16)","metadata":{"emulator":{"name":"functions"},"function":{"name":"us-central1-api"},"message":"\u001b[90m> \u001b[39m     at Function.generate (D:\\Volume D\\React js\\Amazon-clone\\functions\\node_modules\\stripe\\lib\\Error.js:40:16)"}}
[info] >      at res.toJSON.then.StripeAPIError.message (D:\Volume D\React js\Amazon-clone\functions\node_modules\stripe\lib\StripeResource.js:220:35) {"user":"    at res.toJSON.then.StripeAPIError.message (D:\\Volume D\\React js\\Amazon-clone\\functions\\node_modules\\stripe\\lib\\StripeResource.js:220:35)","metadata":{"emulator":{"name":"functions"},"function":{"name":"us-central1-api"},"message":"\u001b[90m> \u001b[39m     at res.toJSON.then.StripeAPIError.message (D:\\Volume D\\React js\\Amazon-clone\\functions\\node_modules\\stripe\\lib\\StripeResource.js:220:35)"}}
[info] >      at processTicksAndRejections (internal/process/task_queues.js:95:5) {"user":"    at processTicksAndRejections (internal/process/task_queues.js:95:5)","metadata":{"emulator":{"name":"functions"},"function":{"name":"us-central1-api"},"message":"\u001b[90m> \u001b[39m     at processTicksAndRejections (internal/process/task_queues.js:95:5)"}}
[info] >  (Use `node --trace-warnings ...` to show where the warning was created) {"user":"(Use `node --trace-warnings ...` to show where the warning was created)","metadata":{"emulator":{"name":"functions"},"function":{"name":"us-central1-api"},"message":"\u001b[90m> \u001b[39m (Use `node --trace-warnings ...` to show where the warning was created)"}}
[info] >  (node:25296) UnhandledPromiseRejectionWarning: Unhandled promise rejection. This error originated either by throwing inside of an async function without a catch block, or by rejecting a promise which was not handled with .catch(). To terminate the node process on unhandled promise rejection, use the CLI flag `--unhandled-rejections=strict` (see https://nodejs.org/api/cli.html#cli_unhandled_rejections_mode). (rejection id: 1) {"user":"(node:25296) UnhandledPromiseRejectionWarning: Unhandled promise rejection. This error originated either by throwing inside of an async function without a catch block, or by rejecting a promise which was not handled with .catch(). To terminate the node process on unhandled promise rejection, use the CLI flag `--unhandled-rejections=strict` (see https://nodejs.org/api/cli.html#cli_unhandled_rejections_mode). (rejection id: 1)","metadata":{"emulator":{"name":"functions"},"function":{"name":"us-central1-api"},"message":"\u001b[90m> \u001b[39m (node:25296) UnhandledPromiseRejectionWarning: Unhandled promise rejection. This error originated either by throwing inside of an async function without a catch block, or by rejecting a promise which was not handled with .catch(). To terminate the node process on unhandled promise rejection, use the CLI flag `--unhandled-rejections=strict` (see https://nodejs.org/api/cli.html#cli_unhandled_rejections_mode). (rejection id: 1)"}}
[info] >  (node:25296) [DEP0018] DeprecationWarning: Unhandled promise rejections are deprecated. In the future, promise rejections that are not handled will terminate the Node.js process with a non-zero exit code. {"user":"(node:25296) [DEP0018] DeprecationWarning: Unhandled promise rejections are deprecated. In the future, promise rejections that are not handled will terminate the Node.js process with a non-zero exit code.","metadata":{"emulator":{"name":"functions"},"function":{"name":"us-central1-api"},"message":"\u001b[90m> \u001b[39m (node:25296) [DEP0018] DeprecationWarning: Unhandled promise rejections are deprecated. In the future, promise rejections that are not handled will terminate the Node.js process with a non-zero exit code."}}
[debug] [2022-02-17T05:08:09.739Z] [work-queue] {"queueLength":1,"workRunningCount":1}
[debug] [2022-02-17T05:08:09.740Z] [work-queue] {"queueLength":0,"workRunningCount":2}
[debug] [2022-02-17T05:08:09.740Z] Accepted request POST /clone-158cc/us-central1/api/payments/create?total=0 --> us-central1-api
[debug] [2022-02-17T05:08:09.747Z] [worker-pool] addWorker(us-central1-api) {"metadata":{"emulator":{"name":"functions"},"message":"[worker-pool] addWorker(us-central1-api)"}}
[debug] [2022-02-17T05:08:09.748Z] [worker-pool] Adding worker with key us-central1-api, total=2 {"metadata":{"emulator":{"name":"functions"},"message":"[worker-pool] Adding worker with key us-central1-api, total=2"}}
[debug] [2022-02-17T05:08:09.748Z] [worker-pool] submitWork(triggerId=us-central1-api) {"metadata":{"emulator":{"name":"functions"},"message":"[worker-pool] submitWork(triggerId=us-central1-api)"}}
[debug] [2022-02-17T05:08:09.748Z] [worker-us-central1-api-c7dd1234-736d-400d-907b-e787e1a20c50]: Assigning socketPath: \\?\pipe\D:\Volume D\React js\Amazon-clone\functions\19080 {"metadata":{"emulator":{"name":"functions"},"message":"[worker-us-central1-api-c7dd1234-736d-400d-907b-e787e1a20c50]: Assigning socketPath: \\\\?\\pipe\\D:\\Volume D\\React js\\Amazon-clone\\functions\\19080"}}
[debug] [2022-02-17T05:08:09.748Z] [worker-us-central1-api-c7dd1234-736d-400d-907b-e787e1a20c50]: BUSY {"metadata":{"emulator":{"name":"functions"},"message":"[worker-us-central1-api-c7dd1234-736d-400d-907b-e787e1a20c50]: BUSY"}}
[debug] [2022-02-17T05:08:11.261Z] [runtime-status] [19080] Functions runtime initialized. {"cwd":"D:\\Volume D\\React js\\Amazon-clone\\functions","node_version":"14.17.6"} {"metadata":{"emulator":{"name":"functions"},"function":{"name":"us-central1-api"},"message":"[runtime-status] [19080] Functions runtime initialized. {\"cwd\":\"D:\\\\Volume D\\\\React js\\\\Amazon-clone\\\\functions\",\"node_version\":\"14.17.6\"}"}}
[debug] [2022-02-17T05:08:11.262Z] [runtime-status] [19080] Disabled runtime features: undefined {"metadata":{"emulator":{"name":"functions"},"function":{"name":"us-central1-api"},"message":"[runtime-status] [19080] Disabled runtime features: undefined"}}
[debug] [2022-02-17T05:08:11.265Z] [runtime-status] [19080] Resolved module firebase-admin {"declared":true,"installed":true,"version":"9.12.0","resolution":"D:\\Volume D\\React js\\Amazon-clone\\functions\\node_modules\\firebase-admin\\lib\\index.js"} {"metadata":{"emulator":{"name":"functions"},"function":{"name":"us-central1-api"},"message":"[runtime-status] [19080] Resolved module firebase-admin {\"declared\":true,\"installed\":true,\"version\":\"9.12.0\",\"resolution\":\"D:\\\\Volume D\\\\React js\\\\Amazon-clone\\\\functions\\\\node_modules\\\\firebase-admin\\\\lib\\\\index.js\"}"}}
[debug] [2022-02-17T05:08:11.267Z] [runtime-status] [19080] Resolved module firebase-functions {"declared":true,"installed":true,"version":"3.16.0","resolution":"D:\\Volume D\\React js\\Amazon-clone\\functions\\node_modules\\firebase-functions\\lib\\index.js"} {"metadata":{"emulator":{"name":"functions"},"function":{"name":"us-central1-api"},"message":"[runtime-status] [19080] Resolved module firebase-functions {\"declared\":true,\"installed\":true,\"version\":\"3.16.0\",\"resolution\":\"D:\\\\Volume D\\\\React js\\\\Amazon-clone\\\\functions\\\\node_modules\\\\firebase-functions\\\\lib\\\\index.js\"}"}}
[debug] [2022-02-17T05:08:11.267Z] [runtime-status] [19080] Outgoing network have been stubbed. [{"name":"http","status":"mocked"},{"name":"http","status":"mocked"},{"name":"https","status":"mocked"},{"name":"https","status":"mocked"},{"name":"net","status":"mocked"}] {"metadata":{"emulator":{"name":"functions"},"function":{"name":"us-central1-api"},"message":"[runtime-status] [19080] Outgoing network have been stubbed. [{\"name\":\"http\",\"status\":\"mocked\"},{\"name\":\"http\",\"status\":\"mocked\"},{\"name\":\"https\",\"status\":\"mocked\"},{\"name\":\"https\",\"status\":\"mocked\"},{\"name\":\"net\",\"status\":\"mocked\"}]"}}
[debug] [2022-02-17T05:08:11.268Z] [runtime-status] [19080] Resolved module firebase-functions {"declared":true,"installed":true,"version":"3.16.0","resolution":"D:\\Volume D\\React js\\Amazon-clone\\functions\\node_modules\\firebase-functions\\lib\\index.js"} {"metadata":{"emulator":{"name":"functions"},"function":{"name":"us-central1-api"},"message":"[runtime-status] [19080] Resolved module firebase-functions {\"declared\":true,\"installed\":true,\"version\":\"3.16.0\",\"resolution\":\"D:\\\\Volume D\\\\React js\\\\Amazon-clone\\\\functions\\\\node_modules\\\\firebase-functions\\\\lib\\\\index.js\"}"}}
[debug] [2022-02-17T05:08:11.312Z] [runtime-status] [19080] Checked functions.config() {"config":{}} {"metadata":{"emulator":{"name":"functions"},"function":{"name":"us-central1-api"},"message":"[runtime-status] [19080] Checked functions.config() {\"config\":{}}"}}
[debug] [2022-02-17T05:08:11.313Z] [runtime-status] [19080] firebase-functions has been stubbed. {"functionsResolution":{"declared":true,"installed":true,"version":"3.16.0","resolution":"D:\\Volume D\\React js\\Amazon-clone\\functions\\node_modules\\firebase-functions\\lib\\index.js"}} {"metadata":{"emulator":{"name":"functions"},"function":{"name":"us-central1-api"},"message":"[runtime-status] [19080] firebase-functions has been stubbed. {\"functionsResolution\":{\"declared\":true,\"installed\":true,\"version\":\"3.16.0\",\"resolution\":\"D:\\\\Volume D\\\\React js\\\\Amazon-clone\\\\functions\\\\node_modules\\\\firebase-functions\\\\lib\\\\index.js\"}}"}}
[debug] [2022-02-17T05:08:11.313Z] [runtime-status] [19080] Resolved module firebase-functions {"declared":true,"installed":true,"version":"3.16.0","resolution":"D:\\Volume D\\React js\\Amazon-clone\\functions\\node_modules\\firebase-functions\\lib\\index.js"} {"metadata":{"emulator":{"name":"functions"},"function":{"name":"us-central1-api"},"message":"[runtime-status] [19080] Resolved module firebase-functions {\"declared\":true,\"installed\":true,\"version\":\"3.16.0\",\"resolution\":\"D:\\\\Volume D\\\\React js\\\\Amazon-clone\\\\functions\\\\node_modules\\\\firebase-functions\\\\lib\\\\index.js\"}"}}
[debug] [2022-02-17T05:08:11.315Z] [runtime-status] [19080] Resolved module firebase-admin {"declared":true,"installed":true,"version":"9.12.0","resolution":"D:\\Volume D\\React js\\Amazon-clone\\functions\\node_modules\\firebase-admin\\lib\\index.js"} {"metadata":{"emulator":{"name":"functions"},"function":{"name":"us-central1-api"},"message":"[runtime-status] [19080] Resolved module firebase-admin {\"declared\":true,\"installed\":true,\"version\":\"9.12.0\",\"resolution\":\"D:\\\\Volume D\\\\React js\\\\Amazon-clone\\\\functions\\\\node_modules\\\\firebase-admin\\\\lib\\\\index.js\"}"}}
[debug] [2022-02-17T05:08:11.315Z] [runtime-status] [19080] Resolved module firebase-functions {"declared":true,"installed":true,"version":"3.16.0","resolution":"D:\\Volume D\\React js\\Amazon-clone\\functions\\node_modules\\firebase-functions\\lib\\index.js"} {"metadata":{"emulator":{"name":"functions"},"function":{"name":"us-central1-api"},"message":"[runtime-status] [19080] Resolved module firebase-functions {\"declared\":true,\"installed\":true,\"version\":\"3.16.0\",\"resolution\":\"D:\\\\Volume D\\\\React js\\\\Amazon-clone\\\\functions\\\\node_modules\\\\firebase-functions\\\\lib\\\\index.js\"}"}}
[debug] [2022-02-17T05:08:11.316Z] [runtime-status] [19080] firebase-admin has been stubbed. {"adminResolution":{"declared":true,"installed":true,"version":"9.12.0","resolution":"D:\\Volume D\\React js\\Amazon-clone\\functions\\node_modules\\firebase-admin\\lib\\index.js"}} {"metadata":{"emulator":{"name":"functions"},"function":{"name":"us-central1-api"},"message":"[runtime-status] [19080] firebase-admin has been stubbed. {\"adminResolution\":{\"declared\":true,\"installed\":true,\"version\":\"9.12.0\",\"resolution\":\"D:\\\\Volume D\\\\React js\\\\Amazon-clone\\\\functions\\\\node_modules\\\\firebase-admin\\\\lib\\\\index.js\"}}"}}
[debug] [2022-02-17T05:08:11.463Z] [runtime-status] [19080] Beginning invocation function api! {"metadata":{"emulator":{"name":"functions"},"function":{"name":"us-central1-api"},"message":"[runtime-status] [19080] Beginning invocation function api!"}}
[info] i  functions: Beginning execution of "api" {"metadata":{"emulator":{"name":"functions"},"function":{"name":"us-central1-api"},"message":"Beginning execution of \"api\""}}
[debug] [2022-02-17T05:08:11.464Z] [runtime-status] [19080] Running api in signature http {"metadata":{"emulator":{"name":"functions"},"function":{"name":"us-central1-api"},"message":"[runtime-status] [19080] Running api in signature http"}}
[debug] [2022-02-17T05:08:11.466Z] [runtime-status] [19080] Attempting to listen to socketPath: \\?\pipe\D:\Volume D\React js\Amazon-clone\functions\19080 {"metadata":{"emulator":{"name":"functions"},"function":{"name":"us-central1-api"},"message":"[runtime-status] [19080] Attempting to listen to socketPath: \\\\?\\pipe\\D:\\Volume D\\React js\\Amazon-clone\\functions\\19080"}}
[debug] [2022-02-17T05:08:11.469Z] [functions] Runtime ready! Sending request! {"metadata":{"emulator":{"name":"functions"},"message":"[functions] Runtime ready! Sending request!"}}
[debug] [2022-02-17T05:08:11.469Z] [functions] Got req.url=/clone-158cc/us-central1/api/payments/create?total=0, mapping to path=/payments/create?total=0 {"metadata":{"emulator":{"name":"functions"},"message":"[functions] Got req.url=/clone-158cc/us-central1/api/payments/create?total=0, mapping to path=/payments/create?total=0"}}
[debug] [2022-02-17T05:08:11.474Z] [runtime-status] [19080] Ephemeral server handling POST request {"metadata":{"emulator":{"name":"functions"},"function":{"name":"us-central1-api"},"message":"[runtime-status] [19080] Ephemeral server handling POST request"}}
[info] >  Payment Request Recieved BOOM!!! for this amount >>>  0 {"user":"Payment Request Recieved BOOM!!! for this amount >>>  0","metadata":{"emulator":{"name":"functions"},"function":{"name":"us-central1-api"},"message":"\u001b[90m> \u001b[39m Payment Request Recieved BOOM!!! for this amount >>>  0"}}
[debug] [2022-02-17T05:08:11.484Z] [runtime-status] [19080] Ephemeral server survived. {"metadata":{"emulator":{"name":"functions"},"function":{"name":"us-central1-api"},"message":"[runtime-status] [19080] Ephemeral server survived."}}
[info] >  (node:19080) UnhandledPromiseRejectionWarning: Error: This value must be greater than or equal to 1. {"user":"(node:19080) UnhandledPromiseRejectionWarning: Error: This value must be greater than or equal to 1.","metadata":{"emulator":{"name":"functions"},"function":{"name":"us-central1-api"},"message":"\u001b[90m> \u001b[39m (node:19080) UnhandledPromiseRejectionWarning: Error: This value must be greater than or equal to 1."}}
[info] >      at Function.generate (D:\Volume D\React js\Amazon-clone\functions\node_modules\stripe\lib\Error.js:40:16) {"user":"    at Function.generate (D:\\Volume D\\React js\\Amazon-clone\\functions\\node_modules\\stripe\\lib\\Error.js:40:16)","metadata":{"emulator":{"name":"functions"},"function":{"name":"us-central1-api"},"message":"\u001b[90m> \u001b[39m     at Function.generate (D:\\Volume D\\React js\\Amazon-clone\\functions\\node_modules\\stripe\\lib\\Error.js:40:16)"}}
[info] >      at res.toJSON.then.StripeAPIError.message (D:\Volume D\React js\Amazon-clone\functions\node_modules\stripe\lib\StripeResource.js:220:35) {"user":"    at res.toJSON.then.StripeAPIError.message (D:\\Volume D\\React js\\Amazon-clone\\functions\\node_modules\\stripe\\lib\\StripeResource.js:220:35)","metadata":{"emulator":{"name":"functions"},"function":{"name":"us-central1-api"},"message":"\u001b[90m> \u001b[39m     at res.toJSON.then.StripeAPIError.message (D:\\Volume D\\React js\\Amazon-clone\\functions\\node_modules\\stripe\\lib\\StripeResource.js:220:35)"}}
[info] >      at processTicksAndRejections (internal/process/task_queues.js:95:5) {"user":"    at processTicksAndRejections (internal/process/task_queues.js:95:5)","metadata":{"emulator":{"name":"functions"},"function":{"name":"us-central1-api"},"message":"\u001b[90m> \u001b[39m     at processTicksAndRejections (internal/process/task_queues.js:95:5)"}}
[info] >  (Use `node --trace-warnings ...` to show where the warning was created) {"user":"(Use `node --trace-warnings ...` to show where the warning was created)","metadata":{"emulator":{"name":"functions"},"function":{"name":"us-central1-api"},"message":"\u001b[90m> \u001b[39m (Use `node --trace-warnings ...` to show where the warning was created)"}}
[info] >  (node:19080) UnhandledPromiseRejectionWarning: Unhandled promise rejection. This error originated either by throwing inside of an async function without a catch block, or by rejecting a promise which was not handled with .catch(). To terminate the node process on unhandled promise rejection, use the CLI flag `--unhandled-rejections=strict` (see https://nodejs.org/api/cli.html#cli_unhandled_rejections_mode). (rejection id: 1) {"user":"(node:19080) UnhandledPromiseRejectionWarning: Unhandled promise rejection. This error originated either by throwing inside of an async function without a catch block, or by rejecting a promise which was not handled with .catch(). To terminate the node process on unhandled promise rejection, use the CLI flag `--unhandled-rejections=strict` (see https://nodejs.org/api/cli.html#cli_unhandled_rejections_mode). (rejection id: 1)","metadata":{"emulator":{"name":"functions"},"function":{"name":"us-central1-api"},"message":"\u001b[90m> \u001b[39m (node:19080) UnhandledPromiseRejectionWarning: Unhandled promise rejection. This error originated either by throwing inside of an async function without a catch block, or by rejecting a promise which was not handled with .catch(). To terminate the node process on unhandled promise rejection, use the CLI flag `--unhandled-rejections=strict` (see https://nodejs.org/api/cli.html#cli_unhandled_rejections_mode). (rejection id: 1)"}}
[info] >  (node:19080) [DEP0018] DeprecationWarning: Unhandled promise rejections are deprecated. In the future, promise rejections that are not handled will terminate the Node.js process with a non-zero exit code. {"user":"(node:19080) [DEP0018] DeprecationWarning: Unhandled promise rejections are deprecated. In the future, promise rejections that are not handled will terminate the Node.js process with a non-zero exit code.","metadata":{"emulator":{"name":"functions"},"function":{"name":"us-central1-api"},"message":"\u001b[90m> \u001b[39m (node:19080) [DEP0018] DeprecationWarning: Unhandled promise rejections are deprecated. In the future, promise rejections that are not handled will terminate the Node.js process with a non-zero exit code."}}
[debug] [2022-02-17T05:08:26.310Z] [work-queue] {"queueLength":1,"workRunningCount":2}
[debug] [2022-02-17T05:08:26.311Z] [work-queue] {"queueLength":0,"workRunningCount":3}
[debug] [2022-02-17T05:08:26.311Z] Accepted request POST /clone-158cc/us-central1/api/payments/create?total=1196 --> us-central1-api
[debug] [2022-02-17T05:08:26.319Z] [worker-pool] addWorker(us-central1-api) {"metadata":{"emulator":{"name":"functions"},"message":"[worker-pool] addWorker(us-central1-api)"}}
[debug] [2022-02-17T05:08:26.319Z] [worker-pool] Adding worker with key us-central1-api, total=3 {"metadata":{"emulator":{"name":"functions"},"message":"[worker-pool] Adding worker with key us-central1-api, total=3"}}
[debug] [2022-02-17T05:08:26.319Z] [worker-pool] submitWork(triggerId=us-central1-api) {"metadata":{"emulator":{"name":"functions"},"message":"[worker-pool] submitWork(triggerId=us-central1-api)"}}
[debug] [2022-02-17T05:08:26.319Z] [worker-us-central1-api-30ae9871-8fe9-4684-a78c-b8f55fa84550]: Assigning socketPath: \\?\pipe\D:\Volume D\React js\Amazon-clone\functions\22684 {"metadata":{"emulator":{"name":"functions"},"message":"[worker-us-central1-api-30ae9871-8fe9-4684-a78c-b8f55fa84550]: Assigning socketPath: \\\\?\\pipe\\D:\\Volume D\\React js\\Amazon-clone\\functions\\22684"}}
[debug] [2022-02-17T05:08:26.319Z] [worker-us-central1-api-30ae9871-8fe9-4684-a78c-b8f55fa84550]: BUSY {"metadata":{"emulator":{"name":"functions"},"message":"[worker-us-central1-api-30ae9871-8fe9-4684-a78c-b8f55fa84550]: BUSY"}}
[debug] [2022-02-17T05:08:27.559Z] [runtime-status] [22684] Functions runtime initialized. {"cwd":"D:\\Volume D\\React js\\Amazon-clone\\functions","node_version":"14.17.6"} {"metadata":{"emulator":{"name":"functions"},"function":{"name":"us-central1-api"},"message":"[runtime-status] [22684] Functions runtime initialized. {\"cwd\":\"D:\\\\Volume D\\\\React js\\\\Amazon-clone\\\\functions\",\"node_version\":\"14.17.6\"}"}}
[debug] [2022-02-17T05:08:27.560Z] [runtime-status] [22684] Disabled runtime features: undefined {"metadata":{"emulator":{"name":"functions"},"function":{"name":"us-central1-api"},"message":"[runtime-status] [22684] Disabled runtime features: undefined"}}
[debug] [2022-02-17T05:08:27.563Z] [runtime-status] [22684] Resolved module firebase-admin {"declared":true,"installed":true,"version":"9.12.0","resolution":"D:\\Volume D\\React js\\Amazon-clone\\functions\\node_modules\\firebase-admin\\lib\\index.js"} {"metadata":{"emulator":{"name":"functions"},"function":{"name":"us-central1-api"},"message":"[runtime-status] [22684] Resolved module firebase-admin {\"declared\":true,\"installed\":true,\"version\":\"9.12.0\",\"resolution\":\"D:\\\\Volume D\\\\React js\\\\Amazon-clone\\\\functions\\\\node_modules\\\\firebase-admin\\\\lib\\\\index.js\"}"}}
[debug] [2022-02-17T05:08:27.564Z] [runtime-status] [22684] Resolved module firebase-functions {"declared":true,"installed":true,"version":"3.16.0","resolution":"D:\\Volume D\\React js\\Amazon-clone\\functions\\node_modules\\firebase-functions\\lib\\index.js"} {"metadata":{"emulator":{"name":"functions"},"function":{"name":"us-central1-api"},"message":"[runtime-status] [22684] Resolved module firebase-functions {\"declared\":true,\"installed\":true,\"version\":\"3.16.0\",\"resolution\":\"D:\\\\Volume D\\\\React js\\\\Amazon-clone\\\\functions\\\\node_modules\\\\firebase-functions\\\\lib\\\\index.js\"}"}}
[debug] [2022-02-17T05:08:27.565Z] [runtime-status] [22684] Outgoing network have been stubbed. [{"name":"http","status":"mocked"},{"name":"http","status":"mocked"},{"name":"https","status":"mocked"},{"name":"https","status":"mocked"},{"name":"net","status":"mocked"}] {"metadata":{"emulator":{"name":"functions"},"function":{"name":"us-central1-api"},"message":"[runtime-status] [22684] Outgoing network have been stubbed. [{\"name\":\"http\",\"status\":\"mocked\"},{\"name\":\"http\",\"status\":\"mocked\"},{\"name\":\"https\",\"status\":\"mocked\"},{\"name\":\"https\",\"status\":\"mocked\"},{\"name\":\"net\",\"status\":\"mocked\"}]"}}
[debug] [2022-02-17T05:08:27.566Z] [runtime-status] [22684] Resolved module firebase-functions {"declared":true,"installed":true,"version":"3.16.0","resolution":"D:\\Volume D\\React js\\Amazon-clone\\functions\\node_modules\\firebase-functions\\lib\\index.js"} {"metadata":{"emulator":{"name":"functions"},"function":{"name":"us-central1-api"},"message":"[runtime-status] [22684] Resolved module firebase-functions {\"declared\":true,\"installed\":true,\"version\":\"3.16.0\",\"resolution\":\"D:\\\\Volume D\\\\React js\\\\Amazon-clone\\\\functions\\\\node_modules\\\\firebase-functions\\\\lib\\\\index.js\"}"}}
[debug] [2022-02-17T05:08:27.609Z] [runtime-status] [22684] Checked functions.config() {"config":{}} {"metadata":{"emulator":{"name":"functions"},"function":{"name":"us-central1-api"},"message":"[runtime-status] [22684] Checked functions.config() {\"config\":{}}"}}
[debug] [2022-02-17T05:08:27.610Z] [runtime-status] [22684] firebase-functions has been stubbed. {"functionsResolution":{"declared":true,"installed":true,"version":"3.16.0","resolution":"D:\\Volume D\\React js\\Amazon-clone\\functions\\node_modules\\firebase-functions\\lib\\index.js"}} {"metadata":{"emulator":{"name":"functions"},"function":{"name":"us-central1-api"},"message":"[runtime-status] [22684] firebase-functions has been stubbed. {\"functionsResolution\":{\"declared\":true,\"installed\":true,\"version\":\"3.16.0\",\"resolution\":\"D:\\\\Volume D\\\\React js\\\\Amazon-clone\\\\functions\\\\node_modules\\\\firebase-functions\\\\lib\\\\index.js\"}}"}}
[debug] [2022-02-17T05:08:27.611Z] [runtime-status] [22684] Resolved module firebase-functions {"declared":true,"installed":true,"version":"3.16.0","resolution":"D:\\Volume D\\React js\\Amazon-clone\\functions\\node_modules\\firebase-functions\\lib\\index.js"} {"metadata":{"emulator":{"name":"functions"},"function":{"name":"us-central1-api"},"message":"[runtime-status] [22684] Resolved module firebase-functions {\"declared\":true,\"installed\":true,\"version\":\"3.16.0\",\"resolution\":\"D:\\\\Volume D\\\\React js\\\\Amazon-clone\\\\functions\\\\node_modules\\\\firebase-functions\\\\lib\\\\index.js\"}"}}
[debug] [2022-02-17T05:08:27.611Z] [runtime-status] [22684] Resolved module firebase-admin {"declared":true,"installed":true,"version":"9.12.0","resolution":"D:\\Volume D\\React js\\Amazon-clone\\functions\\node_modules\\firebase-admin\\lib\\index.js"} {"metadata":{"emulator":{"name":"functions"},"function":{"name":"us-central1-api"},"message":"[runtime-status] [22684] Resolved module firebase-admin {\"declared\":true,\"installed\":true,\"version\":\"9.12.0\",\"resolution\":\"D:\\\\Volume D\\\\React js\\\\Amazon-clone\\\\functions\\\\node_modules\\\\firebase-admin\\\\lib\\\\index.js\"}"}}
[debug] [2022-02-17T05:08:27.612Z] [runtime-status] [22684] Resolved module firebase-functions {"declared":true,"installed":true,"version":"3.16.0","resolution":"D:\\Volume D\\React js\\Amazon-clone\\functions\\node_modules\\firebase-functions\\lib\\index.js"} {"metadata":{"emulator":{"name":"functions"},"function":{"name":"us-central1-api"},"message":"[runtime-status] [22684] Resolved module firebase-functions {\"declared\":true,\"installed\":true,\"version\":\"3.16.0\",\"resolution\":\"D:\\\\Volume D\\\\React js\\\\Amazon-clone\\\\functions\\\\node_modules\\\\firebase-functions\\\\lib\\\\index.js\"}"}}
[debug] [2022-02-17T05:08:27.612Z] [runtime-status] [22684] firebase-admin has been stubbed. {"adminResolution":{"declared":true,"installed":true,"version":"9.12.0","resolution":"D:\\Volume D\\React js\\Amazon-clone\\functions\\node_modules\\firebase-admin\\lib\\index.js"}} {"metadata":{"emulator":{"name":"functions"},"function":{"name":"us-central1-api"},"message":"[runtime-status] [22684] firebase-admin has been stubbed. {\"adminResolution\":{\"declared\":true,\"installed\":true,\"version\":\"9.12.0\",\"resolution\":\"D:\\\\Volume D\\\\React js\\\\Amazon-clone\\\\functions\\\\node_modules\\\\firebase-admin\\\\lib\\\\index.js\"}}"}}
[debug] [2022-02-17T05:08:27.762Z] [runtime-status] [22684] Beginning invocation function api! {"metadata":{"emulator":{"name":"functions"},"function":{"name":"us-central1-api"},"message":"[runtime-status] [22684] Beginning invocation function api!"}}
[info] i  functions: Beginning execution of "api" {"metadata":{"emulator":{"name":"functions"},"function":{"name":"us-central1-api"},"message":"Beginning execution of \"api\""}}
[debug] [2022-02-17T05:08:27.763Z] [runtime-status] [22684] Running api in signature http {"metadata":{"emulator":{"name":"functions"},"function":{"name":"us-central1-api"},"message":"[runtime-status] [22684] Running api in signature http"}}
[debug] [2022-02-17T05:08:27.765Z] [runtime-status] [22684] Attempting to listen to socketPath: \\?\pipe\D:\Volume D\React js\Amazon-clone\functions\22684 {"metadata":{"emulator":{"name":"functions"},"function":{"name":"us-central1-api"},"message":"[runtime-status] [22684] Attempting to listen to socketPath: \\\\?\\pipe\\D:\\Volume D\\React js\\Amazon-clone\\functions\\22684"}}
[debug] [2022-02-17T05:08:27.768Z] [functions] Runtime ready! Sending request! {"metadata":{"emulator":{"name":"functions"},"message":"[functions] Runtime ready! Sending request!"}}
[debug] [2022-02-17T05:08:27.768Z] [functions] Got req.url=/clone-158cc/us-central1/api/payments/create?total=1196, mapping to path=/payments/create?total=1196 {"metadata":{"emulator":{"name":"functions"},"message":"[functions] Got req.url=/clone-158cc/us-central1/api/payments/create?total=1196, mapping to path=/payments/create?total=1196"}}
[debug] [2022-02-17T05:08:27.774Z] [runtime-status] [22684] Ephemeral server handling POST request {"metadata":{"emulator":{"name":"functions"},"function":{"name":"us-central1-api"},"message":"[runtime-status] [22684] Ephemeral server handling POST request"}}
[info] >  Payment Request Recieved BOOM!!! for this amount >>>  1196 {"user":"Payment Request Recieved BOOM!!! for this amount >>>  1196","metadata":{"emulator":{"name":"functions"},"function":{"name":"us-central1-api"},"message":"\u001b[90m> \u001b[39m Payment Request Recieved BOOM!!! for this amount >>>  1196"}}
[debug] [2022-02-17T05:08:27.785Z] [runtime-status] [22684] Ephemeral server survived. {"metadata":{"emulator":{"name":"functions"},"function":{"name":"us-central1-api"},"message":"[runtime-status] [22684] Ephemeral server survived."}}
[info] >  payment intent { {"user":"payment intent {","metadata":{"emulator":{"name":"functions"},"function":{"name":"us-central1-api"},"message":"\u001b[90m> \u001b[39m payment intent {"}}
[info] >    id: 'pi_3KU2ECSIFJDVx3P40QIjuQZf', {"user":"  id: 'pi_3KU2ECSIFJDVx3P40QIjuQZf',","metadata":{"emulator":{"name":"functions"},"function":{"name":"us-central1-api"},"message":"\u001b[90m> \u001b[39m   id: 'pi_3KU2ECSIFJDVx3P40QIjuQZf',"}}
[info] >    object: 'payment_intent', {"user":"  object: 'payment_intent',","metadata":{"emulator":{"name":"functions"},"function":{"name":"us-central1-api"},"message":"\u001b[90m> \u001b[39m   object: 'payment_intent',"}}
[info] >    amount: 1196, {"user":"  amount: 1196,","metadata":{"emulator":{"name":"functions"},"function":{"name":"us-central1-api"},"message":"\u001b[90m> \u001b[39m   amount: 1196,"}}
[info] >    amount_capturable: 0, {"user":"  amount_capturable: 0,","metadata":{"emulator":{"name":"functions"},"function":{"name":"us-central1-api"},"message":"\u001b[90m> \u001b[39m   amount_capturable: 0,"}}
[info] >    amount_received: 0, {"user":"  amount_received: 0,","metadata":{"emulator":{"name":"functions"},"function":{"name":"us-central1-api"},"message":"\u001b[90m> \u001b[39m   amount_received: 0,"}}
[info] >    application: null, {"user":"  application: null,","metadata":{"emulator":{"name":"functions"},"function":{"name":"us-central1-api"},"message":"\u001b[90m> \u001b[39m   application: null,"}}
[info] >    application_fee_amount: null, {"user":"  application_fee_amount: null,","metadata":{"emulator":{"name":"functions"},"function":{"name":"us-central1-api"},"message":"\u001b[90m> \u001b[39m   application_fee_amount: null,"}}
[info] >    automatic_payment_methods: null, {"user":"  automatic_payment_methods: null,","metadata":{"emulator":{"name":"functions"},"function":{"name":"us-central1-api"},"message":"\u001b[90m> \u001b[39m   automatic_payment_methods: null,"}}
[info] >    canceled_at: null, {"user":"  canceled_at: null,","metadata":{"emulator":{"name":"functions"},"function":{"name":"us-central1-api"},"message":"\u001b[90m> \u001b[39m   canceled_at: null,"}}
[info] >    cancellation_reason: null, {"user":"  cancellation_reason: null,","metadata":{"emulator":{"name":"functions"},"function":{"name":"us-central1-api"},"message":"\u001b[90m> \u001b[39m   cancellation_reason: null,"}}
[info] >    capture_method: 'automatic', {"user":"  capture_method: 'automatic',","metadata":{"emulator":{"name":"functions"},"function":{"name":"us-central1-api"},"message":"\u001b[90m> \u001b[39m   capture_method: 'automatic',"}}
[info] >    charges: { {"user":"  charges: {","metadata":{"emulator":{"name":"functions"},"function":{"name":"us-central1-api"},"message":"\u001b[90m> \u001b[39m   charges: {"}}
[info] >      object: 'list', {"user":"    object: 'list',","metadata":{"emulator":{"name":"functions"},"function":{"name":"us-central1-api"},"message":"\u001b[90m> \u001b[39m     object: 'list',"}}
[info] >      data: [], {"user":"    data: [],","metadata":{"emulator":{"name":"functions"},"function":{"name":"us-central1-api"},"message":"\u001b[90m> \u001b[39m     data: [],"}}
[info] >      has_more: false, {"user":"    has_more: false,","metadata":{"emulator":{"name":"functions"},"function":{"name":"us-central1-api"},"message":"\u001b[90m> \u001b[39m     has_more: false,"}}
[info] >      total_count: 0, {"user":"    total_count: 0,","metadata":{"emulator":{"name":"functions"},"function":{"name":"us-central1-api"},"message":"\u001b[90m> \u001b[39m     total_count: 0,"}}
[info] >      url: '/v1/charges?payment_intent=pi_3KU2ECSIFJDVx3P40QIjuQZf' {"user":"    url: '/v1/charges?payment_intent=pi_3KU2ECSIFJDVx3P40QIjuQZf'","metadata":{"emulator":{"name":"functions"},"function":{"name":"us-central1-api"},"message":"\u001b[90m> \u001b[39m     url: '/v1/charges?payment_intent=pi_3KU2ECSIFJDVx3P40QIjuQZf'"}}
[info] >    }, {"user":"  },","metadata":{"emulator":{"name":"functions"},"function":{"name":"us-central1-api"},"message":"\u001b[90m> \u001b[39m   },"}}
[info] >    client_secret: 'pi_3KU2ECSIFJDVx3P40QIjuQZf_secret_Ke8BMXT7eFqqfOpiRiJ378ogs', {"user":"  client_secret: 'pi_3KU2ECSIFJDVx3P40QIjuQZf_secret_Ke8BMXT7eFqqfOpiRiJ378ogs',","metadata":{"emulator":{"name":"functions"},"function":{"name":"us-central1-api"},"message":"\u001b[90m> \u001b[39m   client_secret: 'pi_3KU2ECSIFJDVx3P40QIjuQZf_secret_Ke8BMXT7eFqqfOpiRiJ378ogs',"}}
[info] >    confirmation_method: 'automatic', {"user":"  confirmation_method: 'automatic',","metadata":{"emulator":{"name":"functions"},"function":{"name":"us-central1-api"},"message":"\u001b[90m> \u001b[39m   confirmation_method: 'automatic',"}}
[info] >    created: 1645074508, {"user":"  created: 1645074508,","metadata":{"emulator":{"name":"functions"},"function":{"name":"us-central1-api"},"message":"\u001b[90m> \u001b[39m   created: 1645074508,"}}
[info] >    currency: 'usd', {"user":"  currency: 'usd',","metadata":{"emulator":{"name":"functions"},"function":{"name":"us-central1-api"},"message":"\u001b[90m> \u001b[39m   currency: 'usd',"}}
[info] >    customer: null, {"user":"  customer: null,","metadata":{"emulator":{"name":"functions"},"function":{"name":"us-central1-api"},"message":"\u001b[90m> \u001b[39m   customer: null,"}}
[info] >    description: null, {"user":"  description: null,","metadata":{"emulator":{"name":"functions"},"function":{"name":"us-central1-api"},"message":"\u001b[90m> \u001b[39m   description: null,"}}
[info] >    invoice: null, {"user":"  invoice: null,","metadata":{"emulator":{"name":"functions"},"function":{"name":"us-central1-api"},"message":"\u001b[90m> \u001b[39m   invoice: null,"}}
[info] >    last_payment_error: null, {"user":"  last_payment_error: null,","metadata":{"emulator":{"name":"functions"},"function":{"name":"us-central1-api"},"message":"\u001b[90m> \u001b[39m   last_payment_error: null,"}}
[info] >    livemode: false, {"user":"  livemode: false,","metadata":{"emulator":{"name":"functions"},"function":{"name":"us-central1-api"},"message":"\u001b[90m> \u001b[39m   livemode: false,"}}
[info] >    metadata: {}, {"user":"  metadata: {},","metadata":{"emulator":{"name":"functions"},"function":{"name":"us-central1-api"},"message":"\u001b[90m> \u001b[39m   metadata: {},"}}
[info] >    next_action: null, {"user":"  next_action: null,","metadata":{"emulator":{"name":"functions"},"function":{"name":"us-central1-api"},"message":"\u001b[90m> \u001b[39m   next_action: null,"}}
[info] >    on_behalf_of: null, {"user":"  on_behalf_of: null,","metadata":{"emulator":{"name":"functions"},"function":{"name":"us-central1-api"},"message":"\u001b[90m> \u001b[39m   on_behalf_of: null,"}}
[info] >    payment_method: null, {"user":"  payment_method: null,","metadata":{"emulator":{"name":"functions"},"function":{"name":"us-central1-api"},"message":"\u001b[90m> \u001b[39m   payment_method: null,"}}
[info] >    payment_method_options: { {"user":"  payment_method_options: {","metadata":{"emulator":{"name":"functions"},"function":{"name":"us-central1-api"},"message":"\u001b[90m> \u001b[39m   payment_method_options: {"}}
[info] >      card: { {"user":"    card: {","metadata":{"emulator":{"name":"functions"},"function":{"name":"us-central1-api"},"message":"\u001b[90m> \u001b[39m     card: {"}}
[info] >        installments: null, {"user":"      installments: null,","metadata":{"emulator":{"name":"functions"},"function":{"name":"us-central1-api"},"message":"\u001b[90m> \u001b[39m       installments: null,"}}
[info] >        network: null, {"user":"      network: null,","metadata":{"emulator":{"name":"functions"},"function":{"name":"us-central1-api"},"message":"\u001b[90m> \u001b[39m       network: null,"}}
[info] >        request_three_d_secure: 'automatic' {"user":"      request_three_d_secure: 'automatic'","metadata":{"emulator":{"name":"functions"},"function":{"name":"us-central1-api"},"message":"\u001b[90m> \u001b[39m       request_three_d_secure: 'automatic'"}}
[info] >      } {"user":"    }","metadata":{"emulator":{"name":"functions"},"function":{"name":"us-central1-api"},"message":"\u001b[90m> \u001b[39m     }"}}
[info] >    }, {"user":"  },","metadata":{"emulator":{"name":"functions"},"function":{"name":"us-central1-api"},"message":"\u001b[90m> \u001b[39m   },"}}
[info] >    payment_method_types: [ 'card' ], {"user":"  payment_method_types: [ 'card' ],","metadata":{"emulator":{"name":"functions"},"function":{"name":"us-central1-api"},"message":"\u001b[90m> \u001b[39m   payment_method_types: [ 'card' ],"}}
[info] >    processing: null, {"user":"  processing: null,","metadata":{"emulator":{"name":"functions"},"function":{"name":"us-central1-api"},"message":"\u001b[90m> \u001b[39m   processing: null,"}}
[info] >    receipt_email: null, {"user":"  receipt_email: null,","metadata":{"emulator":{"name":"functions"},"function":{"name":"us-central1-api"},"message":"\u001b[90m> \u001b[39m   receipt_email: null,"}}
[info] >    review: null, {"user":"  review: null,","metadata":{"emulator":{"name":"functions"},"function":{"name":"us-central1-api"},"message":"\u001b[90m> \u001b[39m   review: null,"}}
[info] >    setup_future_usage: null, {"user":"  setup_future_usage: null,","metadata":{"emulator":{"name":"functions"},"function":{"name":"us-central1-api"},"message":"\u001b[90m> \u001b[39m   setup_future_usage: null,"}}
[info] >    shipping: null, {"user":"  shipping: null,","metadata":{"emulator":{"name":"functions"},"function":{"name":"us-central1-api"},"message":"\u001b[90m> \u001b[39m   shipping: null,"}}
[info] >    source: null, {"user":"  source: null,","metadata":{"emulator":{"name":"functions"},"function":{"name":"us-central1-api"},"message":"\u001b[90m> \u001b[39m   source: null,"}}
[info] >    statement_descriptor: null, {"user":"  statement_descriptor: null,","metadata":{"emulator":{"name":"functions"},"function":{"name":"us-central1-api"},"message":"\u001b[90m> \u001b[39m   statement_descriptor: null,"}}
[info] >    statement_descriptor_suffix: null, {"user":"  statement_descriptor_suffix: null,","metadata":{"emulator":{"name":"functions"},"function":{"name":"us-central1-api"},"message":"\u001b[90m> \u001b[39m   statement_descriptor_suffix: null,"}}
[info] >    status: 'requires_payment_method', {"user":"  status: 'requires_payment_method',","metadata":{"emulator":{"name":"functions"},"function":{"name":"us-central1-api"},"message":"\u001b[90m> \u001b[39m   status: 'requires_payment_method',"}}
[info] >    transfer_data: null, {"user":"  transfer_data: null,","metadata":{"emulator":{"name":"functions"},"function":{"name":"us-central1-api"},"message":"\u001b[90m> \u001b[39m   transfer_data: null,"}}
[info] >    transfer_group: null {"user":"  transfer_group: null","metadata":{"emulator":{"name":"functions"},"function":{"name":"us-central1-api"},"message":"\u001b[90m> \u001b[39m   transfer_group: null"}}
[info] >  } {"user":"}","metadata":{"emulator":{"name":"functions"},"function":{"name":"us-central1-api"},"message":"\u001b[90m> \u001b[39m }"}}
[info] i  functions: Finished "api" in ~1s {"metadata":{"emulator":{"name":"functions"},"function":{"name":"us-central1-api"},"message":"Finished \"api\" in ~1s"}}
[debug] [2022-02-17T05:08:29.392Z] [worker-us-central1-api-30ae9871-8fe9-4684-a78c-b8f55fa84550]: IDLE {"metadata":{"emulator":{"name":"functions"},"message":"[worker-us-central1-api-30ae9871-8fe9-4684-a78c-b8f55fa84550]: IDLE"}}
[debug] [2022-02-17T05:08:29.392Z] [work-queue] {"queueLength":0,"workRunningCount":2}
[debug] [2022-02-17T05:08:44.885Z] [work-queue] {"queueLength":1,"workRunningCount":2}
[debug] [2022-02-17T05:08:44.885Z] [work-queue] {"queueLength":0,"workRunningCount":3}
[debug] [2022-02-17T05:08:44.885Z] Accepted request POST /clone-158cc/us-central1/api/payments/create?total=0 --> us-central1-api
[debug] [2022-02-17T05:08:44.885Z] [worker-pool] submitWork(triggerId=us-central1-api) {"metadata":{"emulator":{"name":"functions"},"message":"[worker-pool] submitWork(triggerId=us-central1-api)"}}
[debug] [2022-02-17T05:08:44.885Z] [worker-us-central1-api-30ae9871-8fe9-4684-a78c-b8f55fa84550]: Assigning socketPath: \\?\pipe\D:\Volume D\React js\Amazon-clone\functions\22684 {"metadata":{"emulator":{"name":"functions"},"message":"[worker-us-central1-api-30ae9871-8fe9-4684-a78c-b8f55fa84550]: Assigning socketPath: \\\\?\\pipe\\D:\\Volume D\\React js\\Amazon-clone\\functions\\22684"}}
[debug] [2022-02-17T05:08:44.885Z] [worker-us-central1-api-30ae9871-8fe9-4684-a78c-b8f55fa84550]: BUSY {"metadata":{"emulator":{"name":"functions"},"message":"[worker-us-central1-api-30ae9871-8fe9-4684-a78c-b8f55fa84550]: BUSY"}}
[debug] [2022-02-17T05:08:44.886Z] [runtime-status] [22684] Beginning invocation function api! {"metadata":{"emulator":{"name":"functions"},"function":{"name":"us-central1-api"},"message":"[runtime-status] [22684] Beginning invocation function api!"}}
[info] i  functions: Beginning execution of "api" {"metadata":{"emulator":{"name":"functions"},"function":{"name":"us-central1-api"},"message":"Beginning execution of \"api\""}}
[debug] [2022-02-17T05:08:44.887Z] [runtime-status] [22684] Running api in signature http {"metadata":{"emulator":{"name":"functions"},"function":{"name":"us-central1-api"},"message":"[runtime-status] [22684] Running api in signature http"}}
[debug] [2022-02-17T05:08:44.887Z] [runtime-status] [22684] Attempting to listen to socketPath: \\?\pipe\D:\Volume D\React js\Amazon-clone\functions\22684 {"metadata":{"emulator":{"name":"functions"},"function":{"name":"us-central1-api"},"message":"[runtime-status] [22684] Attempting to listen to socketPath: \\\\?\\pipe\\D:\\Volume D\\React js\\Amazon-clone\\functions\\22684"}}
[debug] [2022-02-17T05:08:44.888Z] [functions] Runtime ready! Sending request! {"metadata":{"emulator":{"name":"functions"},"message":"[functions] Runtime ready! Sending request!"}}
[debug] [2022-02-17T05:08:44.889Z] [functions] Got req.url=/clone-158cc/us-central1/api/payments/create?total=0, mapping to path=/payments/create?total=0 {"metadata":{"emulator":{"name":"functions"},"message":"[functions] Got req.url=/clone-158cc/us-central1/api/payments/create?total=0, mapping to path=/payments/create?total=0"}}
[debug] [2022-02-17T05:08:44.890Z] [runtime-status] [22684] Ephemeral server handling POST request {"metadata":{"emulator":{"name":"functions"},"function":{"name":"us-central1-api"},"message":"[runtime-status] [22684] Ephemeral server handling POST request"}}
[info] >  Payment Request Recieved BOOM!!! for this amount >>>  0 {"user":"Payment Request Recieved BOOM!!! for this amount >>>  0","metadata":{"emulator":{"name":"functions"},"function":{"name":"us-central1-api"},"message":"\u001b[90m> \u001b[39m Payment Request Recieved BOOM!!! for this amount >>>  0"}}
[debug] [2022-02-17T05:08:44.892Z] [runtime-status] [22684] Ephemeral server survived. {"metadata":{"emulator":{"name":"functions"},"function":{"name":"us-central1-api"},"message":"[runtime-status] [22684] Ephemeral server survived."}}
[info] >  (node:22684) UnhandledPromiseRejectionWarning: Error: This value must be greater than or equal to 1. {"user":"(node:22684) UnhandledPromiseRejectionWarning: Error: This value must be greater than or equal to 1.","metadata":{"emulator":{"name":"functions"},"function":{"name":"us-central1-api"},"message":"\u001b[90m> \u001b[39m (node:22684) UnhandledPromiseRejectionWarning: Error: This value must be greater than or equal to 1."}}
[info] >      at Function.generate (D:\Volume D\React js\Amazon-clone\functions\node_modules\stripe\lib\Error.js:40:16) {"user":"    at Function.generate (D:\\Volume D\\React js\\Amazon-clone\\functions\\node_modules\\stripe\\lib\\Error.js:40:16)","metadata":{"emulator":{"name":"functions"},"function":{"name":"us-central1-api"},"message":"\u001b[90m> \u001b[39m     at Function.generate (D:\\Volume D\\React js\\Amazon-clone\\functions\\node_modules\\stripe\\lib\\Error.js:40:16)"}}
[info] >      at res.toJSON.then.StripeAPIError.message (D:\Volume D\React js\Amazon-clone\functions\node_modules\stripe\lib\StripeResource.js:220:35) {"user":"    at res.toJSON.then.StripeAPIError.message (D:\\Volume D\\React js\\Amazon-clone\\functions\\node_modules\\stripe\\lib\\StripeResource.js:220:35)","metadata":{"emulator":{"name":"functions"},"function":{"name":"us-central1-api"},"message":"\u001b[90m> \u001b[39m     at res.toJSON.then.StripeAPIError.message (D:\\Volume D\\React js\\Amazon-clone\\functions\\node_modules\\stripe\\lib\\StripeResource.js:220:35)"}}
[info] >      at processTicksAndRejections (internal/process/task_queues.js:95:5) {"user":"    at processTicksAndRejections (internal/process/task_queues.js:95:5)","metadata":{"emulator":{"name":"functions"},"function":{"name":"us-central1-api"},"message":"\u001b[90m> \u001b[39m     at processTicksAndRejections (internal/process/task_queues.js:95:5)"}}
[info] >  (Use `node --trace-warnings ...` to show where the warning was created) {"user":"(Use `node --trace-warnings ...` to show where the warning was created)","metadata":{"emulator":{"name":"functions"},"function":{"name":"us-central1-api"},"message":"\u001b[90m> \u001b[39m (Use `node --trace-warnings ...` to show where the warning was created)"}}
[info] >  (node:22684) UnhandledPromiseRejectionWarning: Unhandled promise rejection. This error originated either by throwing inside of an async function without a catch block, or by rejecting a promise which was not handled with .catch(). To terminate the node process on unhandled promise rejection, use the CLI flag `--unhandled-rejections=strict` (see https://nodejs.org/api/cli.html#cli_unhandled_rejections_mode). (rejection id: 1) {"user":"(node:22684) UnhandledPromiseRejectionWarning: Unhandled promise rejection. This error originated either by throwing inside of an async function without a catch block, or by rejecting a promise which was not handled with .catch(). To terminate the node process on unhandled promise rejection, use the CLI flag `--unhandled-rejections=strict` (see https://nodejs.org/api/cli.html#cli_unhandled_rejections_mode). (rejection id: 1)","metadata":{"emulator":{"name":"functions"},"function":{"name":"us-central1-api"},"message":"\u001b[90m> \u001b[39m (node:22684) UnhandledPromiseRejectionWarning: Unhandled promise rejection. This error originated either by throwing inside of an async function without a catch block, or by rejecting a promise which was not handled with .catch(). To terminate the node process on unhandled promise rejection, use the CLI flag `--unhandled-rejections=strict` (see https://nodejs.org/api/cli.html#cli_unhandled_rejections_mode). (rejection id: 1)"}}
[info] >  (node:22684) [DEP0018] DeprecationWarning: Unhandled promise rejections are deprecated. In the future, promise rejections that are not handled will terminate the Node.js process with a non-zero exit code. {"user":"(node:22684) [DEP0018] DeprecationWarning: Unhandled promise rejections are deprecated. In the future, promise rejections that are not handled will terminate the Node.js process with a non-zero exit code.","metadata":{"emulator":{"name":"functions"},"function":{"name":"us-central1-api"},"message":"\u001b[90m> \u001b[39m (node:22684) [DEP0018] DeprecationWarning: Unhandled promise rejections are deprecated. In the future, promise rejections that are not handled will terminate the Node.js process with a non-zero exit code."}}
[warn] !  functions: Your function timed out after ~60s. To configure this timeout, see
      https://firebase.google.com/docs/functions/manage-functions#set_timeout_and_memory_allocation. {"metadata":{"emulator":{"name":"functions"},"function":{"name":"us-central1-api"},"message":"Your function timed out after ~60s. To configure this timeout, see\n      https://firebase.google.com/docs/functions/manage-functions#set_timeout_and_memory_allocation."}}
[info] >  C:\Users\USER\AppData\Roaming\npm\node_modules\firebase-tools\lib\emulator\functionsEmulatorRuntime.js:633 {"user":"C:\\Users\\USER\\AppData\\Roaming\\npm\\node_modules\\firebase-tools\\lib\\emulator\\functionsEmulatorRuntime.js:633\r","metadata":{"emulator":{"name":"functions"},"function":{"name":"us-central1-api"},"message":"\u001b[90m> \u001b[39m C:\\Users\\USER\\AppData\\Roaming\\npm\\node_modules\\firebase-tools\\lib\\emulator\\functionsEmulatorRuntime.js:633\r"}}
[info] >              throw new Error("Function timed out."); {"user":"            throw new Error(\"Function timed out.\");\r","metadata":{"emulator":{"name":"functions"},"function":{"name":"us-central1-api"},"message":"\u001b[90m> \u001b[39m             throw new Error(\"Function timed out.\");\r"}}
[info] >              ^ {"user":"            ^\r","metadata":{"emulator":{"name":"functions"},"function":{"name":"us-central1-api"},"message":"\u001b[90m> \u001b[39m             ^\r"}}
[info] >   {"user":"\r","metadata":{"emulator":{"name":"functions"},"function":{"name":"us-central1-api"},"message":"\u001b[90m> \u001b[39m \r"}}
[info] >  Error: Function timed out. {"user":"Error: Function timed out.\r","metadata":{"emulator":{"name":"functions"},"function":{"name":"us-central1-api"},"message":"\u001b[90m> \u001b[39m Error: Function timed out.\r"}}
[info] >      at Timeout._onTimeout (C:\Users\USER\AppData\Roaming\npm\node_modules\firebase-tools\lib\emulator\functionsEmulatorRuntime.js:633:19) {"user":"    at Timeout._onTimeout (C:\\Users\\USER\\AppData\\Roaming\\npm\\node_modules\\firebase-tools\\lib\\emulator\\functionsEmulatorRuntime.js:633:19)\r","metadata":{"emulator":{"name":"functions"},"function":{"name":"us-central1-api"},"message":"\u001b[90m> \u001b[39m     at Timeout._onTimeout (C:\\Users\\USER\\AppData\\Roaming\\npm\\node_modules\\firebase-tools\\lib\\emulator\\functionsEmulatorRuntime.js:633:19)\r"}}
[info] >      at listOnTimeout (internal/timers.js:557:17) {"user":"    at listOnTimeout (internal/timers.js:557:17)\r","metadata":{"emulator":{"name":"functions"},"function":{"name":"us-central1-api"},"message":"\u001b[90m> \u001b[39m     at listOnTimeout (internal/timers.js:557:17)\r"}}
[info] >      at processTimers (internal/timers.js:500:7) {"user":"    at processTimers (internal/timers.js:500:7)\r","metadata":{"emulator":{"name":"functions"},"function":{"name":"us-central1-api"},"message":"\u001b[90m> \u001b[39m     at processTimers (internal/timers.js:500:7)\r"}}
[debug] [2022-02-17T05:08:50.556Z] [worker-us-central1-api-28be095a-caa6-45d2-9658-443aac760c82]: exited {"metadata":{"emulator":{"name":"functions"},"message":"[worker-us-central1-api-28be095a-caa6-45d2-9658-443aac760c82]: exited"}}
[debug] [2022-02-17T05:08:50.557Z] [worker-us-central1-api-28be095a-caa6-45d2-9658-443aac760c82]: FINISHED {"metadata":{"emulator":{"name":"functions"},"message":"[worker-us-central1-api-28be095a-caa6-45d2-9658-443aac760c82]: FINISHED"}}
[debug] [2022-02-17T05:08:50.557Z] [work-queue] {"queueLength":0,"workRunningCount":2}
[warn] !  functions: Your function timed out after ~60s. To configure this timeout, see
      https://firebase.google.com/docs/functions/manage-functions#set_timeout_and_memory_allocation. {"metadata":{"emulator":{"name":"functions"},"function":{"name":"us-central1-api"},"message":"Your function timed out after ~60s. To configure this timeout, see\n      https://firebase.google.com/docs/functions/manage-functions#set_timeout_and_memory_allocation."}}
[info] >  C:\Users\USER\AppData\Roaming\npm\node_modules\firebase-tools\lib\emulator\functionsEmulatorRuntime.js:633 {"user":"C:\\Users\\USER\\AppData\\Roaming\\npm\\node_modules\\firebase-tools\\lib\\emulator\\functionsEmulatorRuntime.js:633\r","metadata":{"emulator":{"name":"functions"},"function":{"name":"us-central1-api"},"message":"\u001b[90m> \u001b[39m C:\\Users\\USER\\AppData\\Roaming\\npm\\node_modules\\firebase-tools\\lib\\emulator\\functionsEmulatorRuntime.js:633\r"}}
[info] >              throw new Error("Function timed out."); {"user":"            throw new Error(\"Function timed out.\");\r","metadata":{"emulator":{"name":"functions"},"function":{"name":"us-central1-api"},"message":"\u001b[90m> \u001b[39m             throw new Error(\"Function timed out.\");\r"}}
[info] >              ^ {"user":"            ^\r","metadata":{"emulator":{"name":"functions"},"function":{"name":"us-central1-api"},"message":"\u001b[90m> \u001b[39m             ^\r"}}
[info] >   {"user":"\r","metadata":{"emulator":{"name":"functions"},"function":{"name":"us-central1-api"},"message":"\u001b[90m> \u001b[39m \r"}}
[info] >  Error: Function timed out. {"user":"Error: Function timed out.\r","metadata":{"emulator":{"name":"functions"},"function":{"name":"us-central1-api"},"message":"\u001b[90m> \u001b[39m Error: Function timed out.\r"}}
[info] >      at Timeout._onTimeout (C:\Users\USER\AppData\Roaming\npm\node_modules\firebase-tools\lib\emulator\functionsEmulatorRuntime.js:633:19) {"user":"    at Timeout._onTimeout (C:\\Users\\USER\\AppData\\Roaming\\npm\\node_modules\\firebase-tools\\lib\\emulator\\functionsEmulatorRuntime.js:633:19)\r","metadata":{"emulator":{"name":"functions"},"function":{"name":"us-central1-api"},"message":"\u001b[90m> \u001b[39m     at Timeout._onTimeout (C:\\Users\\USER\\AppData\\Roaming\\npm\\node_modules\\firebase-tools\\lib\\emulator\\functionsEmulatorRuntime.js:633:19)\r"}}
[info] >      at listOnTimeout (internal/timers.js:557:17) {"user":"    at listOnTimeout (internal/timers.js:557:17)\r","metadata":{"emulator":{"name":"functions"},"function":{"name":"us-central1-api"},"message":"\u001b[90m> \u001b[39m     at listOnTimeout (internal/timers.js:557:17)\r"}}
[info] >      at processTimers (internal/timers.js:500:7) {"user":"    at processTimers (internal/timers.js:500:7)\r","metadata":{"emulator":{"name":"functions"},"function":{"name":"us-central1-api"},"message":"\u001b[90m> \u001b[39m     at processTimers (internal/timers.js:500:7)\r"}}
[debug] [2022-02-17T05:09:11.475Z] [worker-us-central1-api-c7dd1234-736d-400d-907b-e787e1a20c50]: exited {"metadata":{"emulator":{"name":"functions"},"message":"[worker-us-central1-api-c7dd1234-736d-400d-907b-e787e1a20c50]: exited"}}
[debug] [2022-02-17T05:09:11.476Z] [worker-us-central1-api-c7dd1234-736d-400d-907b-e787e1a20c50]: FINISHED {"metadata":{"emulator":{"name":"functions"},"message":"[worker-us-central1-api-c7dd1234-736d-400d-907b-e787e1a20c50]: FINISHED"}}
[debug] [2022-02-17T05:09:11.476Z] [work-queue] {"queueLength":0,"workRunningCount":1}
[warn] !  functions: Your function timed out after ~60s. To configure this timeout, see
      https://firebase.google.com/docs/functions/manage-functions#set_timeout_and_memory_allocation. {"metadata":{"emulator":{"name":"functions"},"function":{"name":"us-central1-api"},"message":"Your function timed out after ~60s. To configure this timeout, see\n      https://firebase.google.com/docs/functions/manage-functions#set_timeout_and_memory_allocation."}}
[info] >  C:\Users\USER\AppData\Roaming\npm\node_modules\firebase-tools\lib\emulator\functionsEmulatorRuntime.js:633 {"user":"C:\\Users\\USER\\AppData\\Roaming\\npm\\node_modules\\firebase-tools\\lib\\emulator\\functionsEmulatorRuntime.js:633\r","metadata":{"emulator":{"name":"functions"},"function":{"name":"us-central1-api"},"message":"\u001b[90m> \u001b[39m C:\\Users\\USER\\AppData\\Roaming\\npm\\node_modules\\firebase-tools\\lib\\emulator\\functionsEmulatorRuntime.js:633\r"}}
[info] >              throw new Error("Function timed out."); {"user":"            throw new Error(\"Function timed out.\");\r","metadata":{"emulator":{"name":"functions"},"function":{"name":"us-central1-api"},"message":"\u001b[90m> \u001b[39m             throw new Error(\"Function timed out.\");\r"}}
[info] >              ^ {"user":"            ^\r","metadata":{"emulator":{"name":"functions"},"function":{"name":"us-central1-api"},"message":"\u001b[90m> \u001b[39m             ^\r"}}
[info] >   {"user":"\r","metadata":{"emulator":{"name":"functions"},"function":{"name":"us-central1-api"},"message":"\u001b[90m> \u001b[39m \r"}}
[info] >  Error: Function timed out. {"user":"Error: Function timed out.\r","metadata":{"emulator":{"name":"functions"},"function":{"name":"us-central1-api"},"message":"\u001b[90m> \u001b[39m Error: Function timed out.\r"}}
[info] >      at Timeout._onTimeout (C:\Users\USER\AppData\Roaming\npm\node_modules\firebase-tools\lib\emulator\functionsEmulatorRuntime.js:633:19) {"user":"    at Timeout._onTimeout (C:\\Users\\USER\\AppData\\Roaming\\npm\\node_modules\\firebase-tools\\lib\\emulator\\functionsEmulatorRuntime.js:633:19)\r","metadata":{"emulator":{"name":"functions"},"function":{"name":"us-central1-api"},"message":"\u001b[90m> \u001b[39m     at Timeout._onTimeout (C:\\Users\\USER\\AppData\\Roaming\\npm\\node_modules\\firebase-tools\\lib\\emulator\\functionsEmulatorRuntime.js:633:19)\r"}}
[info] >      at listOnTimeout (internal/timers.js:557:17) {"user":"    at listOnTimeout (internal/timers.js:557:17)\r","metadata":{"emulator":{"name":"functions"},"function":{"name":"us-central1-api"},"message":"\u001b[90m> \u001b[39m     at listOnTimeout (internal/timers.js:557:17)\r"}}
[info] >      at processTimers (internal/timers.js:500:7) {"user":"    at processTimers (internal/timers.js:500:7)\r","metadata":{"emulator":{"name":"functions"},"function":{"name":"us-central1-api"},"message":"\u001b[90m> \u001b[39m     at processTimers (internal/timers.js:500:7)\r"}}
[debug] [2022-02-17T05:09:44.902Z] [worker-us-central1-api-30ae9871-8fe9-4684-a78c-b8f55fa84550]: exited {"metadata":{"emulator":{"name":"functions"},"message":"[worker-us-central1-api-30ae9871-8fe9-4684-a78c-b8f55fa84550]: exited"}}
[debug] [2022-02-17T05:09:44.903Z] [worker-us-central1-api-30ae9871-8fe9-4684-a78c-b8f55fa84550]: FINISHED {"metadata":{"emulator":{"name":"functions"},"message":"[worker-us-central1-api-30ae9871-8fe9-4684-a78c-b8f55fa84550]: FINISHED"}}
[debug] [2022-02-17T05:09:44.903Z] [work-queue] {"queueLength":0,"workRunningCount":0}
